<?xml version="1.0" encoding="UTF-8"?>
<!-- Generated by org.testng.reporters.JUnitReportReporter -->
<testsuite hostname="DESKTOP-2JJONV4" failures="0" tests="2" name="seleniumTraining.tests.SubmitOrderTest" time="12.664" errors="0" timestamp="2024-09-25T11:14:46 IST" skipped="0">
  <testcase classname="seleniumTraining.tests.SubmitOrderTest" name="submitOrder" time="6.927"/>
  <testcase classname="seleniumTraining.tests.SubmitOrderTest" name="orderHistorypageTest" time="5.737"/>
</testsuite> <!-- seleniumTraining.tests.SubmitOrderTest -->
