<?xml version="1.0" encoding="UTF-8"?>
<!-- Generated by org.testng.reporters.JUnitReportReporter -->
<testsuite hostname="ctdesk-202" failures="0" tests="1" name="seleniumTraining.tests.ErrorValidation" time="6.061" errors="0" timestamp="2024-08-27T12:46:02 IST" skipped="0">
  <testcase classname="seleniumTraining.tests.ErrorValidation" name="errorValidation" time="6.061"/>
</testsuite> <!-- seleniumTraining.tests.ErrorValidation -->
