<?xml version="1.0" encoding="UTF-8"?>
<!-- Generated by org.testng.reporters.JUnitReportReporter -->
<testsuite hostname="ctdesk-202" failures="0" tests="1" name="seleniumTraining.udemy.StandAlone" time="8.972" errors="0" timestamp="2024-08-27T12:14:26 IST" skipped="0">
  <testcase classname="seleniumTraining.udemy.StandAlone" name="submitOrder" time="8.972"/>
</testsuite> <!-- seleniumTraining.udemy.StandAlone -->
