<?xml version="1.0" encoding="UTF-8"?>
<!-- Generated by org.testng.reporters.JUnitReportReporter -->
<testsuite hostname="ctdesk-202" failures="0" tests="1" name="cucumber.TestNGTestRunner" time="8.909" errors="0" timestamp="2024-09-03T15:58:51 IST" skipped="0">
  <testcase classname="cucumber.TestNGTestRunner" name="runScenario" time="8.909"/>
</testsuite> <!-- cucumber.TestNGTestRunner -->
