<?xml version="1.0" encoding="UTF-8"?>
<!-- Generated by org.testng.reporters.JUnitReportReporter -->
<testsuite hostname="DESKTOP-2JJONV4" failures="0" tests="1" name="seleniumTraining.tests.ErrorValidationTest" time="4.586" errors="0" timestamp="2024-09-18T10:23:43 IST" skipped="0">
  <testcase classname="seleniumTraining.tests.ErrorValidationTest" name="errorValidation" time="4.586"/>
</testsuite> <!-- seleniumTraining.tests.ErrorValidationTest -->
