<?xml version="1.0" encoding="UTF-8"?>
<!-- Generated by org.testng.reporters.JUnitReportReporter -->
<testsuite hostname="DESKTOP-2JJONV4" failures="0" tests="3" name="seleniumTraining.TestComponents.DataDriver" time="0.009" errors="0" timestamp="2024-09-19T12:01:19 IST" skipped="0">
  <testcase classname="seleniumTraining.TestComponents.DataDriver" name="testcaseData" time="0.006"/>
  <testcase classname="seleniumTraining.TestComponents.DataDriver" name="testcaseData" time="0.002"/>
  <testcase classname="seleniumTraining.TestComponents.DataDriver" name="testcaseData" time="0.001"/>
</testsuite> <!-- seleniumTraining.TestComponents.DataDriver -->
