<?xml version="1.0" encoding="UTF-8"?>
<!-- Generated by org.testng.reporters.JUnitReportReporter -->
<testsuite hostname="DESKTOP-2JJONV4" failures="0" tests="3" name="seleniumTraining.TestComponents.DemoForTestDepends" time="0.015" errors="0" timestamp="2024-09-19T11:12:11 IST" skipped="0">
  <testcase classname="seleniumTraining.TestComponents.DemoForTestDepends" name="logout" time="0.002"/>
  <testcase classname="seleniumTraining.TestComponents.DemoForTestDepends" name="login" time="0.001"/>
  <testcase classname="seleniumTraining.TestComponents.DemoForTestDepends" name="homePageContentVerification" time="0.012"/>
</testsuite> <!-- seleniumTraining.TestComponents.DemoForTestDepends -->
