<?xml version="1.0" encoding="UTF-8"?>
<!-- Generated by org.testng.reporters.JUnitReportReporter -->
<testsuite hostname="DESKTOP-2JJONV4" failures="0" tests="2" name="seleniumTraining.TestComponents.DataProviderDemo" time="0.009" errors="0" timestamp="2024-10-01T12:27:04 IST" skipped="0">
  <testcase classname="seleniumTraining.TestComponents.DataProviderDemo" name="Data" time="0.003"/>
  <testcase classname="seleniumTraining.TestComponents.DataProviderDemo" name="Data" time="0.006"/>
</testsuite> <!-- seleniumTraining.TestComponents.DataProviderDemo -->
