<?xml version="1.0" encoding="UTF-8"?>
<!-- Generated by org.testng.reporters.JUnitReportReporter -->
<testsuite hostname="DESKTOP-2JJONV4" failures="0" tests="1" name="seleniumTraining.tests.LandingPageTest" time="1.664" errors="0" timestamp="2024-09-18T10:29:09 IST" skipped="0">
  <testcase classname="seleniumTraining.tests.LandingPageTest" name="accesingThePageObjectMethods" time="1.664"/>
</testsuite> <!-- seleniumTraining.tests.LandingPageTest -->
