<?xml version="1.0" encoding="UTF-8"?>
<!-- Generated by org.testng.reporters.JUnitReportReporter -->
<testsuite hostname="DESKTOP-2JJONV4" failures="0" tests="1" name="cucumber.TestNGTestRunner" time="173.686" errors="0" timestamp="2024-09-18T15:04:58 IST" skipped="0">
  <testcase classname="cucumber.TestNGTestRunner" name="runScenario" time="173.686"/>
</testsuite> <!-- cucumber.TestNGTestRunner -->
