<?xml version="1.0" encoding="UTF-8"?>
<!-- Generated by org.testng.reporters.JUnitReportReporter -->
<testsuite hostname="DESKTOP-2JJONV4" failures="0" tests="3" name="aimnxt.testPages.HomePageTest" time="32.724" errors="0" timestamp="2024-10-04T11:20:23 IST" skipped="0">
  <testcase classname="aimnxt.testPages.HomePageTest" name="ContentDisplaying" time="4.805"/>
  <system-out/>
  <testcase classname="aimnxt.testPages.HomePageTest" name="contentAssertions" time="9.272"/>
  <system-out/>
  <testcase classname="aimnxt.testPages.HomePageTest" name="HomePagepopUp" time="18.647"/>
  <system-out/>
</testsuite> <!-- aimnxt.testPages.HomePageTest -->
